<?xml version="1.0" encoding="UTF-8"?>
<!-- Generated by org.testng.reporters.JUnitReportReporter -->
<testsuite hostname="DESKTOP-PQ0368B" failures="0" tests="1" name="com.itlearn.testcases.SerachTestCase" time="6.432" errors="0" timestamp="2024-08-05T18:08:32 IST" skipped="0">
  <testcase classname="com.itlearn.testcases.SerachTestCase" name="searchCourseTesr" time="6.432"/>
  <system-out/>
</testsuite> <!-- com.itlearn.testcases.SerachTestCase -->
