<?xml version="1.0" encoding="UTF-8"?>
<!-- Generated by org.testng.reporters.JUnitReportReporter -->
<testsuite hostname="DESKTOP-PQ0368B" failures="0" tests="1" name="com.itlearn.testcases.LoginTest" time="3.924" errors="0" timestamp="2024-08-03T17:32:01 IST" skipped="0">
  <testcase classname="com.itlearn.testcases.LoginTest" name="verifyLogin" time="3.924"/>
  <system-out/>
</testsuite> <!-- com.itlearn.testcases.LoginTest -->
