<?xml version="1.0" encoding="UTF-8"?>
<!-- Generated by org.testng.reporters.JUnitReportReporter -->
<testsuite hostname="DESKTOP-PQ0368B" failures="0" tests="1" name="com.itlearn.testcases.TestCasesDemo" time="0.004" errors="0" timestamp="2024-08-03T16:45:04 IST" skipped="0">
  <testcase classname="com.itlearn.testcases.TestCasesDemo" name="testCheck" time="0.004"/>
  <system-out/>
</testsuite> <!-- com.itlearn.testcases.TestCasesDemo -->
