<?xml version="1.0" encoding="UTF-8"?>
<!-- Generated by org.testng.reporters.JUnitReportReporter -->
<testsuite hostname="DESKTOP-PQ0368B" failures="0" tests="1" name="com.itlearn.testcases.DashBoardTestCase" time="11.517" errors="0" timestamp="2024-08-05T22:41:00 IST" skipped="0">
  <testcase classname="com.itlearn.testcases.DashBoardTestCase" name="testcourses" time="11.517"/>
  <system-out/>
</testsuite> <!-- com.itlearn.testcases.DashBoardTestCase -->
