<?xml version="1.0" encoding="UTF-8"?>
<!-- Generated by org.testng.reporters.JUnitReportReporter -->
<testsuite hostname="DESKTOP-PQ0368B" failures="0" tests="1" name="com.itlearn.testcases.PaymentTestCase" time="14.466" errors="0" timestamp="2024-08-05T23:29:11 IST" skipped="0">
  <testcase classname="com.itlearn.testcases.PaymentTestCase" name="testcourses" time="14.466"/>
  <system-out/>
</testsuite> <!-- com.itlearn.testcases.PaymentTestCase -->
